<?xml version="1.0" encoding="UTF-8"?>
<!-- Generated by org.testng.reporters.JUnitReportReporter -->
<testsuite hostname="IT3ANCVR" failures="0" tests="1" name="App.LoginExecuter" time="5.262" errors="0" timestamp="11 Aug 2020 13:06:57 GMT">
  <testcase classname="App.LoginExecuter" name="MISubscriptionTestActions" time="5.262"/>
</testsuite> <!-- App.LoginExecuter -->
