<?xml version="1.0" encoding="UTF-8"?>
<!-- Generated by org.testng.reporters.JUnitReportReporter -->
<testsuite hostname="IT3ANCVR" failures="0" tests="1" name="utilities.WebTestBase" time="1.918" errors="0" timestamp="2 Sep 2020 12:10:37 GMT">
  <testcase classname="utilities.WebTestBase" name="testMethod" time="1.918"/>
</testsuite> <!-- utilities.WebTestBase -->
