<?xml version="1.0" encoding="UTF-8"?>
<!-- Generated by org.testng.reporters.JUnitReportReporter -->
<testsuite hostname="IT3ANCVR" failures="0" tests="4" name="runner.SearchRunner" time="13.610" errors="0" timestamp="2 Sep 2020 12:11:36 GMT">
  <testcase classname="runner.SearchRunner" name="runScenario" time="2.935"/>
  <testcase classname="runner.SearchRunner" name="runScenario" time="3.814"/>
  <testcase classname="runner.SearchRunner" name="runScenario" time="4.680"/>
  <testcase classname="runner.SearchRunner" name="runScenario" time="2.181"/>
</testsuite> <!-- runner.SearchRunner -->
