<?xml version="1.0" encoding="UTF-8"?>
<!-- Generated by org.testng.reporters.JUnitReportReporter -->
<testsuite hostname="IT3ANCVR" name="utilities.TestClass" tests="1" failures="0" timestamp="15 Oct 2020 13:35:35 GMT" time="2.150" errors="0">
  <testcase name="testMethod" time="2.150" classname="utilities.TestClass"/>
</testsuite> <!-- utilities.TestClass -->
