<?xml version="1.0" encoding="UTF-8"?>
<!-- Generated by org.testng.reporters.JUnitReportReporter -->
<testsuite hostname="IT3ANCVR" failures="0" tests="5" name="loyalty.LoyaltyErrorTest" time="3.844" errors="0" timestamp="2 Sep 2020 13:29:45 GMT">
  <testcase classname="loyalty.LoyaltyErrorTest" name="PostRequest" time="0.776"/>
  <testcase classname="loyalty.LoyaltyErrorTest" name="RequestWithoutToken" time="0.715"/>
  <testcase classname="loyalty.LoyaltyErrorTest" name="RequestWrongURL" time="0.753"/>
  <testcase classname="loyalty.LoyaltyErrorTest" name="RequestWithoutmsisdn" time="0.850"/>
  <testcase classname="loyalty.LoyaltyErrorTest" name="RequestWithoutContentType" time="0.750"/>
</testsuite> <!-- loyalty.LoyaltyErrorTest -->
