<?xml version="1.0" encoding="UTF-8"?>
<!-- Generated by org.testng.reporters.JUnitReportReporter -->
<testsuite hostname="IT3ANCVR" name="app.LoginExecuter" tests="1" failures="0" timestamp="12 Sep 2020 23:13:12 GMT" time="7.784" errors="0">
  <testcase name="MISubscriptionTestActions" time="7.784" classname="app.LoginExecuter"/>
</testsuite> <!-- app.LoginExecuter -->
