<?xml version="1.0" encoding="UTF-8"?>
<!-- Generated by org.testng.reporters.JUnitReportReporter -->
<testsuite hostname="IT3ANCVR" failures="0" tests="7" name="Consumption.ConsumptionGeneralProductsTest" time="44.372" errors="0" timestamp="10 Aug 2020 08:33:05 GMT">
  <testcase classname="Consumption.ConsumptionGeneralProductsTest" name="noRoamingProduct" time="9.345"/>
  <testcase classname="Consumption.ConsumptionGeneralProductsTest" name="supperpassProduct" time="0.590"/>
  <testcase classname="Consumption.ConsumptionGeneralProductsTest" name="dataProduct" time="3.129"/>
  <testcase classname="Consumption.ConsumptionGeneralProductsTest" name="familyProduct" time="1.615"/>
  <testcase classname="Consumption.ConsumptionGeneralProductsTest" name="noFamilyProduct" time="6.070"/>
  <testcase classname="Consumption.ConsumptionGeneralProductsTest" name="roamingProduct" time="2.251"/>
  <testcase classname="Consumption.ConsumptionGeneralProductsTest" name="NoDataProduct" time="21.372"/>
</testsuite> <!-- Consumption.ConsumptionGeneralProductsTest -->
