<?xml version="1.0" encoding="UTF-8"?>
<!-- Generated by org.testng.reporters.JUnitReportReporter -->
<testsuite hostname="IT3ANCVR" failures="0" tests="5" name="Loyalty.LoyaltyErrorTest" time="3.027" errors="0" timestamp="10 Aug 2020 08:33:05 GMT">
  <testcase classname="Loyalty.LoyaltyErrorTest" name="RequestWithoutContentType" time="0.258"/>
  <testcase classname="Loyalty.LoyaltyErrorTest" name="RequestWithoutMsisdn" time="1.105"/>
  <testcase classname="Loyalty.LoyaltyErrorTest" name="PostRequest" time="0.235"/>
  <testcase classname="Loyalty.LoyaltyErrorTest" name="RequestWithoutToken" time="0.688"/>
  <testcase classname="Loyalty.LoyaltyErrorTest" name="RequestWrongURL" time="0.741"/>
</testsuite> <!-- Loyalty.LoyaltyErrorTest -->
