<?xml version="1.0" encoding="UTF-8"?>
<!-- Generated by org.testng.reporters.JUnitReportReporter -->
<testsuite hostname="IT3ANCVR" failures="0" tests="4" name="Loyalty.LoyaltyTest" time="17.932" errors="0" timestamp="10 Aug 2020 08:33:05 GMT">
  <testcase classname="Loyalty.LoyaltyTest" name="RedNotEligibleForLoyalty" time="13.324"/>
  <testcase classname="Loyalty.LoyaltyTest" name="NonRedNumber" time="1.025"/>
  <testcase classname="Loyalty.LoyaltyTest" name="RedPointsAreZero" time="0.727"/>
  <testcase classname="Loyalty.LoyaltyTest" name="RedPointsHasValue" time="2.856"/>
</testsuite> <!-- Loyalty.LoyaltyTest -->
