<?xml version="1.0" encoding="UTF-8"?>
<!-- Generated by org.testng.reporters.JUnitReportReporter -->
<testsuite hostname="IT3ANCVR" failures="0" tests="8" name="Consumption.ConsumptionErrorTest" time="46.686" errors="0" timestamp="10 Aug 2020 08:33:05 GMT">
  <testcase classname="Consumption.ConsumptionErrorTest" name="badRequest" time="2.150"/>
  <testcase classname="Consumption.ConsumptionErrorTest" name="RequestWithoutContentType" time="0.246"/>
  <testcase classname="Consumption.ConsumptionErrorTest" name="RequestWithDifferentMSISDN" time="2.346"/>
  <testcase classname="Consumption.ConsumptionErrorTest" name="RequestWithoutToken" time="4.781"/>
  <testcase classname="Consumption.ConsumptionErrorTest" name="PostRequest" time="0.794"/>
  <testcase classname="Consumption.ConsumptionErrorTest" name="RequestWrongURL" time="0.791"/>
  <testcase classname="Consumption.ConsumptionErrorTest" name="RequestWithoutMsisdn" time="17.609"/>
  <testcase classname="Consumption.ConsumptionErrorTest" name="missningQRequest" time="17.969"/>
</testsuite> <!-- Consumption.ConsumptionErrorTest -->
