<?xml version="1.0" encoding="UTF-8"?>
<!-- Generated by org.testng.reporters.JUnitReportReporter -->
<testsuite hostname="IT3ANCVR" failures="0" tests="4" name="loyalty.LoyaltyTest" time="5.678" errors="0" timestamp="2 Sep 2020 13:29:45 GMT">
  <testcase classname="loyalty.LoyaltyTest" name="NonRedNumber" time="0.828"/>
  <testcase classname="loyalty.LoyaltyTest" name="RedPointsAreZero" time="0.776"/>
  <testcase classname="loyalty.LoyaltyTest" name="RedPointsHasValue" time="0.922"/>
  <testcase classname="loyalty.LoyaltyTest" name="RedNotEligibleForLoyalty" time="3.152"/>
</testsuite> <!-- loyalty.LoyaltyTest -->
