<?xml version="1.0" encoding="UTF-8"?>
<!-- Generated by org.testng.reporters.JUnitReportReporter -->
<testsuite hostname="IT3ANCVR" failures="0" tests="1" name="Utilities.TestBase" time="2.724" errors="0" timestamp="11 Aug 2020 08:16:05 GMT">
  <testcase classname="Utilities.TestBase" name="testMethod" time="2.724"/>
</testsuite> <!-- Utilities.TestBase -->
