<?xml version="1.0" encoding="UTF-8"?>
<!-- Generated by org.testng.reporters.JUnitReportReporter -->
<testsuite hostname="IT3ANCVR" failures="0" tests="4" name="Utilities.DataProviderTest" time="15.607" errors="0" timestamp="15 Aug 2020 17:23:03 GMT">
  <testcase classname="Utilities.DataProviderTest" name="TrialTest" time="4.247"/>
  <testcase classname="Utilities.DataProviderTest" name="TrialTest" time="5.239"/>
  <testcase classname="Utilities.DataProviderTest" name="TrialTest" time="2.113"/>
  <testcase classname="Utilities.DataProviderTest" name="TrialTest" time="4.008"/>
</testsuite> <!-- Utilities.DataProviderTest -->
