<?xml version="1.0" encoding="UTF-8"?>
<!-- Generated by org.testng.reporters.JUnitReportReporter -->
<testsuite hostname="IT3ANCVR" failures="0" tests="1" name="app.LoginExecuter" time="5.609" errors="0" timestamp="2 Sep 2020 12:17:34 GMT">
  <testcase classname="app.LoginExecuter" name="MISubscriptionTestActions" time="5.609"/>
</testsuite> <!-- app.LoginExecuter -->
